<?xml version="1.0" encoding="UTF-8"?>
<testng-results ignored="0" total="1" passed="1" failed="0" skipped="0">
  <reporter-output>
  </reporter-output>
  <suite started-at="2023-04-17T22:35:44 IST" name="Default suite" finished-at="2023-04-17T22:35:49 IST" duration-ms="4584">
    <groups>
    </groups>
    <test started-at="2023-04-17T22:35:44 IST" name="Default test" finished-at="2023-04-17T22:35:49 IST" duration-ms="4584">
      <class name="jsonSchema_validation.Json_Scemavalid">
        <test-method signature="validatioin()[pri:0, instance:jsonSchema_validation.Json_Scemavalid@20ccf40b]" started-at="2023-04-17T22:35:44 IST" name="validatioin" finished-at="2023-04-17T22:35:49 IST" duration-ms="4498" status="PASS">
          <reporter-output>
          </reporter-output>
        </test-method> <!-- validatioin -->
      </class> <!-- jsonSchema_validation.Json_Scemavalid -->
    </test> <!-- Default test -->
  </suite> <!-- Default suite -->
</testng-results>
